<?xml version="1.0" encoding="UTF-8"?>
<!-- Generated by org.testng.reporters.JUnitReportReporter -->
<testsuite hostname="DESKTOP-MH1J0Q1" name="driverFactory.POMscript" tests="1" failures="0" timestamp="17 Jul 2022 07:25:41 GMT" time="169.419" errors="0">
  <testcase name="empCreation" time="169.419" classname="driverFactory.POMscript"/>
</testsuite> <!-- driverFactory.POMscript -->
