<?xml version="1.0" encoding="UTF-8"?>
<!-- Generated by org.testng.reporters.JUnitReportReporter -->
<testsuite hostname="DESKTOP-MH1J0Q1" name="driverFactory.TestScript" tests="1" failures="0" timestamp="16 Jul 2022 17:53:43 GMT" time="34.741" errors="0">
  <testcase name="validateEmp" time="34.741" classname="driverFactory.TestScript"/>
</testsuite> <!-- driverFactory.TestScript -->
