<?xml version="1.0" encoding="UTF-8"?>
<!-- Generated by org.testng.reporters.JUnitReportReporter -->
<testsuite hostname="DESKTOP-MH1J0Q1" name="driverFactory.HyBridDataScript" tests="1" failures="0" timestamp="15 Jul 2022 06:39:05 GMT" time="72.072" errors="0">
  <testcase name="startTest" time="72.072" classname="driverFactory.HyBridDataScript"/>
</testsuite> <!-- driverFactory.HyBridDataScript -->
